Command line:
   tbeeeeeeeee1210_isim_beh.exe
     -simmode  gui
     -simrunnum  0
     -socket  60212

Wed May 18 12:12:06 2022


 Elaboration Time: 0.046875 sec

 Current Memory Usage: 5164.33 Meg

 Total Signals          : 474
 Total Nets             : 4173
 Total Signal Drivers   : 94
 Total Blocks           : 72
 Total Primitive Blocks : 69
 Total Processes        : 85
 Total Traceable Variables  : 65
 Total Scalar Nets and Variables : 5242
In process INSTRMEMORY.vhd:ROM_PROCESS 
 

 Total Simulation Time: 0.09375 sec

 Current Memory Usage: 4692.47 Meg

Wed May 18 12:42:50 2022

