Command line:
   tbeee1223_isim_beh.exe
     -simmode  gui
     -simrunnum  1
     -socket  55983

Wed May 18 12:24:24 2022


 Elaboration Time: 0.046875 sec

 Current Memory Usage: 5164.27 Meg

 Total Signals          : 474
 Total Nets             : 4173
 Total Signal Drivers   : 94
 Total Blocks           : 72
 Total Primitive Blocks : 69
 Total Processes        : 85
 Total Traceable Variables  : 65
 Total Scalar Nets and Variables : 5242
In process INSTRMEMORY.vhd:ROM_PROCESS 
 
In process INSTRMEMORY.vhd:ROM_PROCESS 
 
In process INSTRMEMORY.vhd:ROM_PROCESS 
 
In process INSTRMEMORY.vhd:ROM_PROCESS 
 
In process INSTRMEMORY.vhd:ROM_PROCESS 
 

 Total Simulation Time: 0.96875 sec

 Current Memory Usage: 4692.41 Meg

Wed May 18 12:42:46 2022

