Release 14.7 - xst P.20131013 (nt64)
Copyright (c) 1995-2013 Xilinx, Inc.  All rights reserved.
--> Parameter TMPDIR set to xst/projnav.tmp


Total REAL time to Xst completion: 0.00 secs
Total CPU time to Xst completion: 0.06 secs
 
--> Parameter xsthdpdir set to xst


Total REAL time to Xst completion: 0.00 secs
Total CPU time to Xst completion: 0.06 secs
 
--> Reading design: ALU.prj

TABLE OF CONTENTS
  1) Synthesis Options Summary
  2) HDL Parsing
  3) HDL Elaboration
  4) HDL Synthesis
       4.1) HDL Synthesis Report
  5) Advanced HDL Synthesis
       5.1) Advanced HDL Synthesis Report
  6) Low Level Synthesis
  7) Partition Report
  8) Design Summary
       8.1) Primitive and Black Box Usage
       8.2) Device utilization summary
       8.3) Partition Resource Summary
       8.4) Timing Report
            8.4.1) Clock Information
            8.4.2) Asynchronous Control Signals Information
            8.4.3) Timing Summary
            8.4.4) Timing Details
            8.4.5) Cross Clock Domains Report


=========================================================================
*                      Synthesis Options Summary                        *
=========================================================================
---- Source Parameters
Input File Name                    : "ALU.prj"
Ignore Synthesis Constraint File   : NO

---- Target Parameters
Output File Name                   : "ALU"
Output Format                      : NGC
Target Device                      : xc7a200t-3-fbg484

---- Source Options
Top Module Name                    : ALU
Automatic FSM Extraction           : YES
FSM Encoding Algorithm             : Auto
Safe Implementation                : No
FSM Style                          : LUT
RAM Extraction                     : Yes
RAM Style                          : Auto
ROM Extraction                     : Yes
Shift Register Extraction          : YES
ROM Style                          : Auto
Resource Sharing                   : YES
Asynchronous To Synchronous        : NO
Shift Register Minimum Size        : 2
Use DSP Block                      : Auto
Automatic Register Balancing       : No

---- Target Options
LUT Combining                      : Auto
Reduce Control Sets                : Auto
Add IO Buffers                     : YES
Global Maximum Fanout              : 100000
Add Generic Clock Buffer(BUFG)     : 32
Register Duplication               : YES
Optimize Instantiated Primitives   : NO
Use Clock Enable                   : Auto
Use Synchronous Set                : Auto
Use Synchronous Reset              : Auto
Pack IO Registers into IOBs        : Auto
Equivalent register Removal        : YES

---- General Options
Optimization Goal                  : Speed
Optimization Effort                : 1
Power Reduction                    : NO
Keep Hierarchy                     : No
Netlist Hierarchy                  : As_Optimized
RTL Output                         : Yes
Global Optimization                : AllClockNets
Read Cores                         : YES
Write Timing Constraints           : NO
Cross Clock Analysis               : NO
Hierarchy Separator                : /
Bus Delimiter                      : <>
Case Specifier                     : Maintain
Slice Utilization Ratio            : 100
BRAM Utilization Ratio             : 100
DSP48 Utilization Ratio            : 100
Auto BRAM Packing                  : NO
Slice Utilization Ratio Delta      : 5

=========================================================================


=========================================================================
*                          HDL Parsing                                  *
=========================================================================
Parsing VHDL file "E:\farida1004\reg\ALU.vhd" into library work
Parsing entity <ALU>.
Parsing architecture <Behavioral> of entity <alu>.

=========================================================================
*                            HDL Elaboration                            *
=========================================================================

Elaborating entity <ALU> (architecture <Behavioral>) from library <work>.

=========================================================================
*                           HDL Synthesis                               *
=========================================================================

Synthesizing Unit <ALU>.
    Related source file is "E:\farida1004\reg\ALU.vhd".
WARNING:Xst:647 - Input <cin> is never used. This port will be preserved and left unconnected if it belongs to a top-level block or it belongs to a sub-block and the hierarchy of this sub-block is preserved.
    Found 33-bit adder for signal <tmp1> created at line 29.
    Found 33-bit subtractor for signal <tmp2> created at line 26.
    Found 1-bit tristate buffer for signal <result<31>> created at line 32
    Found 1-bit tristate buffer for signal <result<30>> created at line 32
    Found 1-bit tristate buffer for signal <result<29>> created at line 32
    Found 1-bit tristate buffer for signal <result<28>> created at line 32
    Found 1-bit tristate buffer for signal <result<27>> created at line 32
    Found 1-bit tristate buffer for signal <result<26>> created at line 32
    Found 1-bit tristate buffer for signal <result<25>> created at line 32
    Found 1-bit tristate buffer for signal <result<24>> created at line 32
    Found 1-bit tristate buffer for signal <result<23>> created at line 32
    Found 1-bit tristate buffer for signal <result<22>> created at line 32
    Found 1-bit tristate buffer for signal <result<21>> created at line 32
    Found 1-bit tristate buffer for signal <result<20>> created at line 32
    Found 1-bit tristate buffer for signal <result<19>> created at line 32
    Found 1-bit tristate buffer for signal <result<18>> created at line 32
    Found 1-bit tristate buffer for signal <result<17>> created at line 32
    Found 1-bit tristate buffer for signal <result<16>> created at line 32
    Found 1-bit tristate buffer for signal <result<15>> created at line 32
    Found 1-bit tristate buffer for signal <result<14>> created at line 32
    Found 1-bit tristate buffer for signal <result<13>> created at line 32
    Found 1-bit tristate buffer for signal <result<12>> created at line 32
    Found 1-bit tristate buffer for signal <result<11>> created at line 32
    Found 1-bit tristate buffer for signal <result<10>> created at line 32
    Found 1-bit tristate buffer for signal <result<9>> created at line 32
    Found 1-bit tristate buffer for signal <result<8>> created at line 32
    Found 1-bit tristate buffer for signal <result<7>> created at line 32
    Found 1-bit tristate buffer for signal <result<6>> created at line 32
    Found 1-bit tristate buffer for signal <result<5>> created at line 32
    Found 1-bit tristate buffer for signal <result<4>> created at line 32
    Found 1-bit tristate buffer for signal <result<3>> created at line 32
    Found 1-bit tristate buffer for signal <result<2>> created at line 32
    Found 1-bit tristate buffer for signal <result<1>> created at line 32
    Found 1-bit tristate buffer for signal <result<0>> created at line 32
    Found 1-bit tristate buffer for signal <cflag> created at line 43
    Found 1-bit tristate buffer for signal <oflag> created at line 47
    Summary:
	inferred   2 Adder/Subtractor(s).
	inferred 386 Multiplexer(s).
	inferred  34 Tristate(s).
Unit <ALU> synthesized.

=========================================================================
HDL Synthesis Report

Macro Statistics
# Adders/Subtractors                                   : 2
 33-bit adder                                          : 1
 33-bit subtractor                                     : 1
# Multiplexers                                         : 386
 1-bit 2-to-1 multiplexer                              : 386
# Tristates                                            : 34
 1-bit tristate buffer                                 : 34
# Xors                                                 : 2
 1-bit xor2                                            : 2

=========================================================================

=========================================================================
*                       Advanced HDL Synthesis                          *
=========================================================================


=========================================================================
Advanced HDL Synthesis Report

Macro Statistics
# Adders/Subtractors                                   : 2
 33-bit adder                                          : 1
 33-bit subtractor                                     : 1
# Multiplexers                                         : 386
 1-bit 2-to-1 multiplexer                              : 386
# Xors                                                 : 2
 1-bit xor2                                            : 2

=========================================================================

=========================================================================
*                         Low Level Synthesis                           *
=========================================================================
WARNING:Xst:2042 - Unit ALU: 32 internal tristates are replaced by logic (pull-up yes): N10, N11, N12, N13, N14, N15, N16, N17, N18, N19, N20, N21, N22, N23, N24, N25, N26, N27, N28, N29, N30, N31, N32, N33, N34, N35, N4, N5, N6, N7, N8, N9.

Optimizing unit <ALU> ...

Mapping all equations...
Building and optimizing final netlist ...
Found area constraint ratio of 100 (+ 5) on block ALU, actual ratio is 0.

Final Macro Processing ...

=========================================================================
Final Register Report

Found no macro
=========================================================================

=========================================================================
*                           Partition Report                            *
=========================================================================

Partition Implementation Status
-------------------------------

  No Partitions were found in this design.

-------------------------------

=========================================================================
*                            Design Summary                             *
=========================================================================

Top Level Output File Name         : ALU.ngc

Primitive and Black Box Usage:
------------------------------
# BELS                             : 310
#      GND                         : 1
#      LUT2                        : 68
#      LUT3                        : 3
#      LUT4                        : 1
#      LUT5                        : 3
#      LUT6                        : 102
#      MUXCY                       : 64
#      MUXF7                       : 1
#      VCC                         : 1
#      XORCY                       : 66
# IO Buffers                       : 103
#      IBUF                        : 68
#      OBUF                        : 1
#      OBUFT                       : 34

Device utilization summary:
---------------------------

Selected Device : 7a200tfbg484-3 


Slice Logic Utilization: 
 Number of Slice LUTs:                  177  out of  134600     0%  
    Number used as Logic:               177  out of  134600     0%  

Slice Logic Distribution: 
 Number of LUT Flip Flop pairs used:    177
   Number with an unused Flip Flop:     177  out of    177   100%  
   Number with an unused LUT:             0  out of    177     0%  
   Number of fully used LUT-FF pairs:     0  out of    177     0%  
   Number of unique control sets:         0

IO Utilization: 
 Number of IOs:                         104
 Number of bonded IOBs:                 103  out of    285    36%  

Specific Feature Utilization:

---------------------------
Partition Resource Summary:
---------------------------

  No Partitions were found in this design.

---------------------------


=========================================================================
Timing Report

NOTE: THESE TIMING NUMBERS ARE ONLY A SYNTHESIS ESTIMATE.
      FOR ACCURATE TIMING INFORMATION PLEASE REFER TO THE TRACE REPORT
      GENERATED AFTER PLACE-and-ROUTE.

Clock Information:
------------------
No clock signals found in this design

Asynchronous Control Signals Information:
----------------------------------------
No asynchronous control signals found in this design

Timing Summary:
---------------
Speed Grade: -3

   Minimum period: No path found
   Minimum input arrival time before clock: No path found
   Maximum output required time after clock: No path found
   Maximum combinational path delay: 4.484ns

Timing Details:
---------------
All values displayed in nanoseconds (ns)

=========================================================================
Timing constraint: Default path analysis
  Total number of paths / destination ports: 8086 / 35
-------------------------------------------------------------------------
Delay:               4.484ns (Levels of Logic = 11)
  Source:            data1<0> (PAD)
  Destination:       zflag (PAD)

  Data Path: data1<0> to zflag
                                Gate     Net
    Cell:in->out      fanout   Delay   Delay  Logical Name (Net Name)
    ----------------------------------------  ------------
     IBUF:I->O             4   0.001   0.393  data1_0_IBUF (data1_0_IBUF)
     LUT2:I0->O            1   0.097   0.000  Madd_tmp1_lut<0> (Madd_tmp1_lut<0>)
     MUXCY:S->O            1   0.353   0.000  Madd_tmp1_cy<0> (Madd_tmp1_cy<0>)
     MUXCY:CI->O           1   0.023   0.000  Madd_tmp1_cy<1> (Madd_tmp1_cy<1>)
     XORCY:CI->O           1   0.370   0.295  Madd_tmp1_xor<2> (tmp1<2>)
     LUT6:I5->O            1   0.097   0.295  Mmux_Z_5_o_data1[31]_MUX_272_o22 (Mmux_Z_5_o_data1[31]_MUX_272_o21)
     LUT6:I5->O            2   0.097   0.688  Mmux_Z_5_o_data1[31]_MUX_272_o24 (dataout_2_OBUFT)
     LUT6:I1->O            1   0.097   0.511  zflag<31>1 (zflag<31>)
     LUT5:I2->O            1   0.097   0.693  zflag<31>2 (zflag<31>1)
     LUT6:I0->O            1   0.097   0.279  zflag<31>8 (zflag_OBUF)
     OBUF:I->O                 0.000          zflag_OBUF (zflag)
    ----------------------------------------
    Total                      4.484ns (1.329ns logic, 3.155ns route)
                                       (29.6% logic, 70.4% route)

=========================================================================

Cross Clock Domains Report:
--------------------------

=========================================================================


Total REAL time to Xst completion: 7.00 secs
Total CPU time to Xst completion: 7.05 secs
 
--> 

Total memory usage is 4617632 kilobytes

Number of errors   :    0 (   0 filtered)
Number of warnings :    2 (   0 filtered)
Number of infos    :    0 (   0 filtered)

